initLibrary()
Initialized library.
initOpenGLRenderer(768,1280,0023ED34,256)
RenderServer::create creating TCP streamlisten: created loopback server
 started renderer thread.
rcGetFBParam(1)
Requested FB width: return 768rcGetFBParam(2)
Requested FB height: return 1280rcGetFBParam(8)
rcGetFBParam(8)
rcGetFBParam(5)
rcGetFBParam(6)
rcGetFBParam(7)
rcGetFBParam(8)
rcCreateContext: FrameBuffer::getFB returned something, calling createRenderContext...
createRenderContext: Returning 4rcCreateContext: FrameBuffer::getFB returned something, calling createRenderContext...
createRenderContext: Returning 7rcCreateContext: FrameBuffer::getFB returned something, calling createRenderContext...
createRenderContext: Returning 10rcCreateContext: FrameBuffer::getFB returned something, calling createRenderContext...
createRenderContext: Returning 18initLibrary()
Initialized library.
initOpenGLRenderer(768,1280,0082E554,256)
RenderServer::create creating TCP streamlisten: created loopback server
 started renderer thread.
rcGetFBParam(1)
Requested FB width: return 768rcGetFBParam(2)
Requested FB height: return 1280rcGetFBParam(8)
rcGetFBParam(8)
rcGetFBParam(5)
rcGetFBParam(6)
rcGetFBParam(7)
rcGetFBParam(8)
rcCreateContext: FrameBuffer::getFB returned something, calling createRenderContext...
createRenderContext: Returning 4rcCreateContext: FrameBuffer::getFB returned something, calling createRenderContext...
createRenderContext: Returning 7rcCreateContext: FrameBuffer::getFB returned something, calling createRenderContext...
createRenderContext: Returning 10rcCreateContext: FrameBuffer::getFB returned something, calling createRenderContext...
createRenderContext: Returning 20rcCreateContext: FrameBuffer::getFB returned something, calling createRenderContext...
createRenderContext: Returning 27initLibrary()
Initialized library.
initOpenGLRenderer(768,1280,003EE694,256)
RenderServer::create creating TCP streamlisten: created loopback server
 started renderer thread.
rcGetFBParam(1)
Requested FB width: return 768rcGetFBParam(2)
Requested FB height: return 1280rcGetFBParam(8)
rcGetFBParam(8)
rcGetFBParam(5)
rcGetFBParam(6)
rcGetFBParam(7)
rcGetFBParam(8)
rcCreateContext: FrameBuffer::getFB returned something, calling createRenderContext...
createRenderContext: Returning 4rcCreateContext: FrameBuffer::getFB returned something, calling createRenderContext...
createRenderContext: Returning 7rcCreateContext: FrameBuffer::getFB returned something, calling createRenderContext...
createRenderContext: Returning 10rcCreateContext: FrameBuffer::getFB returned something, calling createRenderContext...
createRenderContext: Returning 17rcCreateContext: FrameBuffer::getFB returned something, calling createRenderContext...
createRenderContext: Returning 27rcCreateContext: FrameBuffer::getFB returned something, calling createRenderContext...
createRenderContext: Returning 40rcCreateContext: FrameBuffer::getFB returned something, calling createRenderContext...
createRenderContext: Returning 52rcCreateContext: FrameBuffer::getFB returned something, calling createRenderContext...
createRenderContext: Returning 64initLibrary()
Initialized library.
initOpenGLRenderer(768,1280,0085EB34,256)
RenderServer::create creating TCP streamlisten: created loopback server
 started renderer thread.
rcGetFBParam(1)
Requested FB width: return 768rcGetFBParam(2)
Requested FB height: return 1280rcGetFBParam(8)
rcGetFBParam(8)
rcGetFBParam(5)
rcGetFBParam(6)
rcGetFBParam(7)
rcGetFBParam(8)
rcCreateContext: FrameBuffer::getFB returned something, calling createRenderContext...
createRenderContext: Returning 4rcCreateContext: FrameBuffer::getFB returned something, calling createRenderContext...
createRenderContext: Returning 7rcCreateContext: FrameBuffer::getFB returned something, calling createRenderContext...
createRenderContext: Returning 10rcCreateContext: FrameBuffer::getFB returned something, calling createRenderContext...
createRenderContext: Returning 21rcCreateContext: FrameBuffer::getFB returned something, calling createRenderContext...
createRenderContext: Returning 27rcCreateContext: FrameBuffer::getFB returned something, calling createRenderContext...
createRenderContext: Returning 40rcCreateContext: FrameBuffer::getFB returned something, calling createRenderContext...
createRenderContext: Returning 53